2025/05/20 10:00:14 ❌ Migration failed: failed to insert into pivot table: Error 1062 (23000): Duplicate entry '9555-1' for key 'mapping_lk_domains_sites.unique_domain_id_site_id'
2025/05/20 23:49:56 ❌ Migration failed: failed to insert into pivot table: Error 1062 (23000): Duplicate entry '11602-1' for key 'mapping_lk_domains_sites.unique_domain_id_site_id'
2025/05/20 23:51:19 ✅ Migration successful!
2025/05/20 23:51:19    → FROM: sites
2025/05/21 00:02:27 ❌ Migration failed: failed to insert into pivot table: Error 1062 (23000): Duplicate entry '13649-1' for key 'mapping_lk_domains_sites.unique_domain_id_site_id'
2025/05/21 07:26:30 ✅ Migration successful!
2025/05/21 07:26:30    → FROM: sites
2025/05/21 07:48:31 CREATE TABLE IF NOT EXISTS mapping_lk_domains_sites (
		id BIGINT AUTO_INCREMENT PRIMARY KEY,
		domain_id INT UNSIGNED NOT NULL,site_id BIGINT UNSIGNED NOT NULL,
		created_at DATETIME DEFAULT CURRENT_TIMESTAMP,
		updated_at DATETIME DEFAULT CURRENT_TIMESTAMP ON UPDATE CURRENT_TIMESTAMP,
		UNIQUE KEY unique_domain_id_site_id (domain_id, site_id),
		CHECK (domain_id > 0),
CHECK (site_id > 0)
	);
2025/05/21 07:48:39 ✅ Migration successful!
2025/05/21 07:48:39    → FROM: sites
2025/05/21 08:18:37 ❌ Migration failed: failed to insert into pivot table: Error 1062 (23000): Duplicate entry '5461-1' for key 'mapping_lk_domains_sites.unique_domain_id_site_id'
2025/05/21 08:20:13 ❌ Migration failed: failed to insert into pivot table: Error 1062 (23000): Duplicate entry '5461-1' for key 'mapping_lk_domains_sites.unique_domain_id_site_id'
2025/05/21 08:20:56 ❌ Migration failed: failed to insert into pivot table: Error 1062 (23000): Duplicate entry '5461-1' for key 'mapping_lk_domains_sites.unique_domain_id_site_id'
2025/05/21 09:05:13 ❌ Alter target table failed: add column in_migration failed: Error 1146 (42S02): Table 'galaxy_g2.lk_domains_2' doesn't exist
2025/05/21 09:05:48 ❌ Migration failed: failed to insert into target table: Error 1064 (42000): You have an error in your SQL syntax; check the manual that corresponds to your MySQL server version for the right syntax to use near ')
								SELECT
									id,
									status,
									domain,
									domain,' at line 17
2025/05/21 09:06:20 ❌ Migration failed: failed to reset target table in_migration flag: Error 1064 (42000): You have an error in your SQL syntax; check the manual that corresponds to your MySQL server version for the right syntax to use near 'WHERE t.in_migration = 1
								SET s.in_migration = 0' at line 3
2025/05/21 09:10:09 ❌ Migration failed: failed to reset target table in_migration flag: Error 1064 (42000): You have an error in your SQL syntax; check the manual that corresponds to your MySQL server version for the right syntax to use near 'WHERE t.in_migration = 1
								SET t.in_migration = 0' at line 3
2025/05/21 09:11:19 
								UPDATE lk_domains_2 t
								JOIN mapping_lk_domains_sites p ON t.domain_id = p.domain_id
								WHERE t.in_migration = 1
								SET t.in_migration = 0;
								
2025/05/21 09:11:20 ❌ Migration failed: failed to reset target table in_migration flag: Error 1064 (42000): You have an error in your SQL syntax; check the manual that corresponds to your MySQL server version for the right syntax to use near 'WHERE t.in_migration = 1
								SET t.in_migration = 0' at line 3
2025/05/21 09:12:48 
								UPDATE lk_domains_2 t
								JOIN mapping_lk_domains_sites p ON t.domain_id = p.domain_id
								SET t.in_migration = 0
								WHERE t.in_migration = 1;
								
2025/05/21 09:12:49 ✅ Migration successful!
2025/05/21 09:12:49    → FROM: sites
2025/05/21 09:15:25 ❌ Alter target table failed: add column is_migrated failed: Error 1146 (42S02): Table 'galaxy_g2.lk_domains_2' doesn't exist
2025/05/21 09:15:52 ✅ Migration successful!
2025/05/21 09:15:52    → FROM: sites
2025/05/21 09:17:28 ✅ Migration successful!
2025/05/21 09:17:28    → FROM: sites
2025/05/21 09:20:25 ❌ Migration failed: failed to insert into pivot table: Error 1062 (23000): Duplicate entry '5461-1' for key 'mapping_lk_domains_sites.unique_domain_id_site_id'
2025/05/21 09:21:37 ❌ Migration failed: failed to insert into pivot table: Error 1062 (23000): Duplicate entry '5466-6' for key 'mapping_lk_domains_sites.unique_domain_id_site_id'
2025/05/21 09:22:59 ✅ Migration successful!
2025/05/21 09:22:59    → FROM: sites
2025/05/21 09:24:37 ✅ Migration successful!
2025/05/21 09:24:37    → FROM: sites
2025/05/21 09:26:03 ❌ Migration failed: failed to insert into pivot table: Error 1062 (23000): Duplicate entry '5461-1' for key 'mapping_lk_domains_sites.unique_domain_id_site_id'
2025/05/21 09:36:40 ❌ Migration failed: failed to insert into pivot table: Error 1062 (23000): Duplicate entry '5461-1' for key 'mapping_lk_domains_sites.unique_domain_id_site_id'
2025/05/21 09:39:28 ✅ Migration successful!
2025/05/21 09:39:28    → FROM: sites
2025/05/21 09:41:37 ✅ Migration successful!
2025/05/21 09:41:37    → FROM: sites
2025/05/21 19:55:42 >>>>>>>>>>>>>>>>>>>>>>>>>>>>>>>>>>>>>>>>>>
2025/05/21 19:55:42            ⏳ Starting migration...          
2025/05/21 19:55:42 <<<<<<<<<<<<<<<<<<<<<<<<<<<<<<<<<<<<<<<<<<
2025/05/21 19:55:47 ✅ Migration successful!
2025/05/22 01:48:47 >>>>>>>>>>>>>>>>>>>>>>>>>>>>>>>>>>>>>>>>>>
2025/05/22 01:48:47            ⏳ Starting migration...          
2025/05/22 01:48:47 <<<<<<<<<<<<<<<<<<<<<<<<<<<<<<<<<<<<<<<<<<
2025/05/22 01:48:58 ❌ Migration validation failed: ❌ field mismatch in 742 rows
2025/05/22 01:52:12 >>>>>>>>>>>>>>>>>>>>>>>>>>>>>>>>>>>>>>>>>>
2025/05/22 01:52:12            ⏳ Starting migration...          
2025/05/22 01:52:12 <<<<<<<<<<<<<<<<<<<<<<<<<<<<<<<<<<<<<<<<<<
2025/05/22 01:52:21 ❌ Migration validation failed: ❌ field mismatch in 742 rows
2025/05/22 01:58:20 >>>>>>>>>>>>>>>>>>>>>>>>>>>>>>>>>>>>>>>>>>
2025/05/22 01:58:20            ⏳ Starting migration...          
2025/05/22 01:58:20 <<<<<<<<<<<<<<<<<<<<<<<<<<<<<<<<<<<<<<<<<<
2025/05/22 01:58:29 ❌ Migration validation failed: ❌ field mismatch in 742 rows
2025/05/22 01:59:50 >>>>>>>>>>>>>>>>>>>>>>>>>>>>>>>>>>>>>>>>>>
2025/05/22 01:59:50            ⏳ Starting migration...          
2025/05/22 01:59:50 <<<<<<<<<<<<<<<<<<<<<<<<<<<<<<<<<<<<<<<<<<
2025/05/22 01:59:58 ❌ Migration validation failed: ❌ field mismatch in 742 rows
2025/05/22 11:11:20 >>>>>>>>>>>>>>>>>>>>>>>>>>>>>>>>>>>>>>>>>>
2025/05/22 11:11:20            ⏳ Starting migration...          
2025/05/22 11:11:20 <<<<<<<<<<<<<<<<<<<<<<<<<<<<<<<<<<<<<<<<<<
2025/05/22 11:11:30 ❌ Migration validation failed: field-level mismatch detected
2025/05/23 21:18:12 >>>>>>>>>>>>>>>>>>>>>>>>>>>>>>>>>>>>>>>>>>
2025/05/23 21:18:12            ⏳ Starting migration...          
2025/05/23 21:18:12 <<<<<<<<<<<<<<<<<<<<<<<<<<<<<<<<<<<<<<<<<<
2025/05/23 21:18:25 ❌ Migration validation failed: field-level mismatch detected
2025/05/23 21:21:17 >>>>>>>>>>>>>>>>>>>>>>>>>>>>>>>>>>>>>>>>>>
2025/05/23 21:21:17            ⏳ Starting migration...          
2025/05/23 21:21:17 <<<<<<<<<<<<<<<<<<<<<<<<<<<<<<<<<<<<<<<<<<
2025/05/23 21:21:31 ❌ Migration validation failed: field-level mismatch detected
2025/05/23 21:22:54 >>>>>>>>>>>>>>>>>>>>>>>>>>>>>>>>>>>>>>>>>>
2025/05/23 21:22:54            ⏳ Starting migration...          
2025/05/23 21:22:54 <<<<<<<<<<<<<<<<<<<<<<<<<<<<<<<<<<<<<<<<<<
2025/05/23 21:23:10 ✅ Migration successful!
2025/05/23 22:01:11 >>>>>>>>>>>>>>>>>>>>>>>>>>>>>>>>>>>>>>>>>>
2025/05/23 22:01:11            ⏳ Starting migration...          
2025/05/23 22:01:11 <<<<<<<<<<<<<<<<<<<<<<<<<<<<<<<<<<<<<<<<<<
2025/05/23 22:01:22 ✅ Migration successful!
2025/05/24 01:39:04 >>>>>>>>>>>>>>>>>>>>>>>>>>>>>>>>>>>>>>>>>>
2025/05/24 01:39:04            ⏳ Starting migration...          
2025/05/24 01:39:04 <<<<<<<<<<<<<<<<<<<<<<<<<<<<<<<<<<<<<<<<<<
2025/05/24 01:39:16 ✅ Migration successful!
2025/05/24 10:30:07 ✅ Connected to MySQL through SSH tunnel!
2025/05/24 10:30:10 >>>>>>>>>>>>>>>>>>>>>>>>>>>>>>>>>>>>>>>>>>
2025/05/24 10:30:10            ⏳ Starting migration...          
2025/05/24 10:30:10 <<<<<<<<<<<<<<<<<<<<<<<<<<<<<<<<<<<<<<<<<<
2025/05/24 10:30:20 ❌ Migration failed: failed to insert into pivot table: Error 1062 (23000): Duplicate entry '27979-1' for key 'mapping_lk_domains_sites.unique_domain_id_site_id'
2025/05/24 10:30:35 ✅ Connected to MySQL through SSH tunnel!
2025/05/24 10:30:49 ✅ Connected to MySQL through SSH tunnel!
2025/05/24 10:30:50 >>>>>>>>>>>>>>>>>>>>>>>>>>>>>>>>>>>>>>>>>>
2025/05/24 10:30:50            ⏳ Starting migration...          
2025/05/24 10:30:50 <<<<<<<<<<<<<<<<<<<<<<<<<<<<<<<<<<<<<<<<<<
2025/05/24 10:31:01 ✅ Migration successful!
2025/05/24 14:13:29 ✅ Connected to MySQL through SSH tunnel!
2025/05/24 14:13:31 >>>>>>>>>>>>>>>>>>>>>>>>>>>>>>>>>>>>>>>>>>
2025/05/24 14:13:31            ⏳ Starting migration...          
2025/05/24 14:13:31 <<<<<<<<<<<<<<<<<<<<<<<<<<<<<<<<<<<<<<<<<<
2025/05/24 14:13:40 ❌ Alter source table failed: add column migration_done failed: Error 1146 (42S02): Table 'galaxy_g2.sites_settings' doesn't exist
2025/05/24 14:15:12 ✅ Connected to MySQL through SSH tunnel!
2025/05/24 14:15:14 >>>>>>>>>>>>>>>>>>>>>>>>>>>>>>>>>>>>>>>>>>
2025/05/24 14:15:14            ⏳ Starting migration...          
2025/05/24 14:15:14 <<<<<<<<<<<<<<<<<<<<<<<<<<<<<<<<<<<<<<<<<<
2025/05/24 14:15:23 ❌ Migration failed: failed to insert into target table: Error 1054 (42S22): Unknown column 'sites_settings.key' in 'field list'
2025/05/24 14:20:10 ✅ Connected to MySQL through SSH tunnel!
2025/05/24 14:20:12 >>>>>>>>>>>>>>>>>>>>>>>>>>>>>>>>>>>>>>>>>>
2025/05/24 14:20:12            ⏳ Starting migration...          
2025/05/24 14:20:12 <<<<<<<<<<<<<<<<<<<<<<<<<<<<<<<<<<<<<<<<<<
2025/05/24 14:20:19 ❌ Alter target table failed: add column site_settings_id failed: Error 1146 (42S02): Table 'galaxy_g2.lk_domains_settings_2' doesn't exist
2025/05/24 14:20:56 ✅ Connected to MySQL through SSH tunnel!
2025/05/24 14:20:57 >>>>>>>>>>>>>>>>>>>>>>>>>>>>>>>>>>>>>>>>>>
2025/05/24 14:20:57            ⏳ Starting migration...          
2025/05/24 14:20:57 <<<<<<<<<<<<<<<<<<<<<<<<<<<<<<<<<<<<<<<<<<
2025/05/24 14:21:05 ❌ Migration failed: failed to update source table: Error 1146 (42S02): Table 'galaxy_g2.sites_settings' doesn't exist
2025/05/24 15:33:13 ✅ Connected to MySQL through SSH tunnel!
2025/05/24 15:34:31 ✅ Connected to MySQL through SSH tunnel!
2025/05/24 15:34:39 >>>>>>>>>>>>>>>>>>>>>>>>>>>>>>>>>>>>>>>>>>
2025/05/24 15:34:39            ⏳ Starting migration...          
2025/05/24 15:34:39 <<<<<<<<<<<<<<<<<<<<<<<<<<<<<<<<<<<<<<<<<<
2025/05/24 15:34:41 ❌ Alter target table failed: add column site_settings_id failed: Error 1146 (42S02): Table 'galaxy_g2.lk_domains_settings_2' doesn't exist
2025/05/24 15:35:11 ✅ Connected to MySQL through SSH tunnel!
2025/05/24 15:35:12 >>>>>>>>>>>>>>>>>>>>>>>>>>>>>>>>>>>>>>>>>>
2025/05/24 15:35:12            ⏳ Starting migration...          
2025/05/24 15:35:12 <<<<<<<<<<<<<<<<<<<<<<<<<<<<<<<<<<<<<<<<<<
2025/05/24 15:35:23 ❌ Migration validation failed: mismatch in migrated rows: source has 6, target has 0
2025/05/24 15:41:00 ✅ Connected to MySQL through SSH tunnel!
2025/05/24 15:41:01 >>>>>>>>>>>>>>>>>>>>>>>>>>>>>>>>>>>>>>>>>>
2025/05/24 15:41:01            ⏳ Starting migration...          
2025/05/24 15:41:01 <<<<<<<<<<<<<<<<<<<<<<<<<<<<<<<<<<<<<<<<<<
2025/05/24 15:41:13 ❌ Migration validation failed: failed to count valid foreign key references in pivot table: Error 1054 (42S22): Unknown column 'p.site_id' in 'on clause'
2025/05/24 15:44:42 ✅ Connected to MySQL through SSH tunnel!
2025/05/24 15:44:44 >>>>>>>>>>>>>>>>>>>>>>>>>>>>>>>>>>>>>>>>>>
2025/05/24 15:44:44            ⏳ Starting migration...          
2025/05/24 15:44:44 <<<<<<<<<<<<<<<<<<<<<<<<<<<<<<<<<<<<<<<<<<
2025/05/24 15:44:55 ❌ Migration validation failed: failed to count valid foreign key references in pivot table: Error 1054 (42S22): Unknown column 'p.site_id' in 'on clause'
2025/05/24 15:45:35 ✅ Connected to MySQL through SSH tunnel!
2025/05/24 15:45:37 >>>>>>>>>>>>>>>>>>>>>>>>>>>>>>>>>>>>>>>>>>
2025/05/24 15:45:37            ⏳ Starting migration...          
2025/05/24 15:45:37 <<<<<<<<<<<<<<<<<<<<<<<<<<<<<<<<<<<<<<<<<<
2025/05/24 15:45:48 ❌ Migration validation failed: failed to count valid foreign key references in pivot table: Error 1054 (42S22): Unknown column 'p.site_id' in 'on clause'
2025/05/24 15:45:58 ✅ Connected to MySQL through SSH tunnel!
2025/05/24 15:46:00 >>>>>>>>>>>>>>>>>>>>>>>>>>>>>>>>>>>>>>>>>>
2025/05/24 15:46:00            ⏳ Starting migration...          
2025/05/24 15:46:00 <<<<<<<<<<<<<<<<<<<<<<<<<<<<<<<<<<<<<<<<<<
2025/05/24 15:46:10 ❌ Migration validation failed: failed to count valid foreign key references in pivot table: Error 1054 (42S22): Unknown column 'p.site_id' in 'on clause'
2025/05/24 15:47:23 ✅ Connected to MySQL through SSH tunnel!
2025/05/24 15:47:25 >>>>>>>>>>>>>>>>>>>>>>>>>>>>>>>>>>>>>>>>>>
2025/05/24 15:47:25            ⏳ Starting migration...          
2025/05/24 15:47:25 <<<<<<<<<<<<<<<<<<<<<<<<<<<<<<<<<<<<<<<<<<
2025/05/24 15:47:37 ❌ Migration validation failed: failed to count valid foreign key references in pivot table: Error 1054 (42S22): Unknown column 'p.site_id' in 'on clause'
2025/05/24 15:55:29 ✅ Connected to MySQL through SSH tunnel!
2025/05/24 15:59:02 ✅ Connected to MySQL through SSH tunnel!
2025/05/24 15:59:04 >>>>>>>>>>>>>>>>>>>>>>>>>>>>>>>>>>>>>>>>>>
2025/05/24 15:59:04            ⏳ Starting migration...          
2025/05/24 15:59:04 <<<<<<<<<<<<<<<<<<<<<<<<<<<<<<<<<<<<<<<<<<
2025/05/24 15:59:16 ✅ Migration successful!
2025/05/24 15:59:29 ✅ Connected to MySQL through SSH tunnel!
2025/05/24 15:59:43 ✅ Connected to MySQL through SSH tunnel!
2025/05/24 15:59:44 >>>>>>>>>>>>>>>>>>>>>>>>>>>>>>>>>>>>>>>>>>
2025/05/24 15:59:44            ⏳ Starting migration...          
2025/05/24 15:59:44 <<<<<<<<<<<<<<<<<<<<<<<<<<<<<<<<<<<<<<<<<<
2025/05/24 15:59:54 ✅ Migration successful!
2025/05/24 16:00:08 ✅ Connected to MySQL through SSH tunnel!
2025/05/24 16:00:23 ✅ Connected to MySQL through SSH tunnel!
2025/05/24 16:00:25 >>>>>>>>>>>>>>>>>>>>>>>>>>>>>>>>>>>>>>>>>>
2025/05/24 16:00:25            ⏳ Starting migration...          
2025/05/24 16:00:25 <<<<<<<<<<<<<<<<<<<<<<<<<<<<<<<<<<<<<<<<<<
2025/05/24 16:00:38 ✅ Migration successful!
